2023-11-08 16:28:39.376  INFO 15956 --- [restartedMain] com.admin.AdminTest                      : Starting AdminTest using Java 1.8.0_381 on DESKTOP-273ND61 with PID 15956 (E:\xqf\work\personage\admin-test\target\classes started by MY.Computer in E:\xqf\work\personage\admin-test)
2023-11-08 16:28:39.379  INFO 15956 --- [restartedMain] com.admin.AdminTest                      : No active profile set, falling back to default profiles: default
2023-11-08 16:28:39.455  WARN 15956 --- [background-preinit] o.s.h.c.j.Jackson2ObjectMapperBuilder    : For Jackson Kotlin classes support please add "com.fasterxml.jackson.module:jackson-module-kotlin" to the classpath
2023-11-08 16:28:39.458  INFO 15956 --- [restartedMain] .e.DevToolsPropertyDefaultsPostProcessor : Devtools property defaults active! Set 'spring.devtools.add-properties' to 'false' to disable
2023-11-08 16:28:39.458  INFO 15956 --- [restartedMain] .e.DevToolsPropertyDefaultsPostProcessor : For additional web related logging consider setting the 'logging.level.web' property to 'DEBUG'
2023-11-08 16:28:40.027  INFO 15956 --- [restartedMain] .s.d.r.c.RepositoryConfigurationDelegate : Multiple Spring Data modules found, entering strict repository configuration mode!
2023-11-08 16:28:40.027  INFO 15956 --- [restartedMain] .s.d.r.c.RepositoryConfigurationDelegate : Bootstrapping Spring Data MongoDB repositories in DEFAULT mode.
2023-11-08 16:28:40.086  INFO 15956 --- [restartedMain] .s.d.r.c.RepositoryConfigurationDelegate : Finished Spring Data repository scanning in 55 ms. Found 3 MongoDB repository interfaces.
2023-11-08 16:28:40.257  INFO 15956 --- [restartedMain] .s.d.r.c.RepositoryConfigurationDelegate : Multiple Spring Data modules found, entering strict repository configuration mode!
2023-11-08 16:28:40.258  INFO 15956 --- [restartedMain] .s.d.r.c.RepositoryConfigurationDelegate : Bootstrapping Spring Data Redis repositories in DEFAULT mode.
2023-11-08 16:28:40.276  INFO 15956 --- [restartedMain] .RepositoryConfigurationExtensionSupport : Spring Data Redis - Could not safely identify store assignment for repository candidate interface com.admin.dao.MenuRepository. If you want this repository to be a Redis repository, consider annotating your entities with one of these annotations: org.springframework.data.redis.core.RedisHash (preferred), or consider extending one of the following types with your repository: org.springframework.data.keyvalue.repository.KeyValueRepository.
2023-11-08 16:28:40.277  INFO 15956 --- [restartedMain] .RepositoryConfigurationExtensionSupport : Spring Data Redis - Could not safely identify store assignment for repository candidate interface com.admin.dao.MerchantRepository. If you want this repository to be a Redis repository, consider annotating your entities with one of these annotations: org.springframework.data.redis.core.RedisHash (preferred), or consider extending one of the following types with your repository: org.springframework.data.keyvalue.repository.KeyValueRepository.
2023-11-08 16:28:40.278  INFO 15956 --- [restartedMain] .RepositoryConfigurationExtensionSupport : Spring Data Redis - Could not safely identify store assignment for repository candidate interface com.admin.dao.UserRepository. If you want this repository to be a Redis repository, consider annotating your entities with one of these annotations: org.springframework.data.redis.core.RedisHash (preferred), or consider extending one of the following types with your repository: org.springframework.data.keyvalue.repository.KeyValueRepository.
2023-11-08 16:28:40.278  INFO 15956 --- [restartedMain] .s.d.r.c.RepositoryConfigurationDelegate : Finished Spring Data repository scanning in 10 ms. Found 0 Redis repository interfaces.
2023-11-08 16:28:40.775  INFO 15956 --- [restartedMain] o.s.b.w.embedded.tomcat.TomcatWebServer  : Tomcat initialized with port(s): 8000 (http)
2023-11-08 16:28:40.782  INFO 15956 --- [restartedMain] o.apache.catalina.core.StandardService   : Starting service [Tomcat]
2023-11-08 16:28:40.782  INFO 15956 --- [restartedMain] org.apache.catalina.core.StandardEngine  : Starting Servlet engine: [Apache Tomcat/9.0.46]
2023-11-08 16:28:40.833  INFO 15956 --- [restartedMain] o.a.c.c.C.[Tomcat].[localhost].[/]       : Initializing Spring embedded WebApplicationContext
2023-11-08 16:28:40.833  INFO 15956 --- [restartedMain] w.s.c.ServletWebServerApplicationContext : Root WebApplicationContext: initialization completed in 1374 ms
2023-11-08 16:28:41.250  INFO 15956 --- [restartedMain] org.mongodb.driver.cluster               : Cluster created with settings {hosts=[192.168.10.62:27017], mode=SINGLE, requiredClusterType=UNKNOWN, serverSelectionTimeout='30000 ms'}
2023-11-08 16:28:41.287  INFO 15956 --- [cluster-ClusterId{value='654b46b9669b0d4b84d00c01', description='null'}-192.168.10.62:27017] org.mongodb.driver.connection            : Opened connection [connectionId{localValue:2, serverValue:3121}] to 192.168.10.62:27017
2023-11-08 16:28:41.287  INFO 15956 --- [cluster-rtt-ClusterId{value='654b46b9669b0d4b84d00c01', description='null'}-192.168.10.62:27017] org.mongodb.driver.connection            : Opened connection [connectionId{localValue:1, serverValue:3120}] to 192.168.10.62:27017
2023-11-08 16:28:41.287  INFO 15956 --- [cluster-ClusterId{value='654b46b9669b0d4b84d00c01', description='null'}-192.168.10.62:27017] org.mongodb.driver.cluster               : Monitor thread successfully connected to server with description ServerDescription{address=192.168.10.62:27017, type=STANDALONE, state=CONNECTED, ok=true, minWireVersion=0, maxWireVersion=13, maxDocumentSize=16777216, logicalSessionTimeoutMinutes=30, roundTripTimeNanos=13306900}
2023-11-08 16:28:41.385  INFO 15956 --- [restartedMain] o.s.b.d.a.OptionalLiveReloadServer       : LiveReload server is running on port 35729
2023-11-08 16:28:41.678  INFO 15956 --- [restartedMain] org.mongodb.driver.connection            : Opened connection [connectionId{localValue:3, serverValue:3122}] to 192.168.10.62:27017
2023-11-08 16:28:41.990  INFO 15956 --- [restartedMain] pertySourcedRequestMappingHandlerMapping : Mapped URL path [/v2/api-docs] onto method [springfox.documentation.swagger2.web.Swagger2ControllerWebMvc#getDocumentation(String, HttpServletRequest)]
2023-11-08 16:28:42.191  INFO 15956 --- [restartedMain] o.s.s.web.DefaultSecurityFilterChain     : Will secure any request with [org.springframework.security.web.context.request.async.WebAsyncManagerIntegrationFilter@1df43e6a, org.springframework.security.web.context.SecurityContextPersistenceFilter@3cebdbc0, org.springframework.security.web.header.HeaderWriterFilter@7c4a95da, org.springframework.web.filter.CorsFilter@3fc090f9, com.admin.filter.JwtAuthenticationTokenFilter@5ee57005, org.springframework.security.web.savedrequest.RequestCacheAwareFilter@543ec867, org.springframework.security.web.servletapi.SecurityContextHolderAwareRequestFilter@14167961, org.springframework.security.web.authentication.AnonymousAuthenticationFilter@354f2f95, org.springframework.security.web.session.SessionManagementFilter@70f6dd50, org.springframework.security.web.access.ExceptionTranslationFilter@634c4275, org.springframework.security.web.access.intercept.FilterSecurityInterceptor@6e461838]
2023-11-08 16:28:42.444  INFO 15956 --- [restartedMain] o.s.b.w.embedded.tomcat.TomcatWebServer  : Tomcat started on port(s): 8000 (http) with context path ''
2023-11-08 16:28:42.445  INFO 15956 --- [restartedMain] d.s.w.p.DocumentationPluginsBootstrapper : Documentation plugins bootstrapped
2023-11-08 16:28:42.448  INFO 15956 --- [restartedMain] d.s.w.p.DocumentationPluginsBootstrapper : Found 1 custom documentation plugin(s)
2023-11-08 16:28:42.477  INFO 15956 --- [restartedMain] s.d.s.w.s.ApiListingReferenceScanner     : Scanning for api listing references
2023-11-08 16:28:42.574  INFO 15956 --- [restartedMain] .d.s.w.r.o.CachingOperationNameGenerator : Generating unique operation named: getInfoUsingGET_1
2023-11-08 16:28:42.603  INFO 15956 --- [restartedMain] .d.s.w.r.o.CachingOperationNameGenerator : Generating unique operation named: listUsingGET_1
2023-11-08 16:28:42.612  INFO 15956 --- [restartedMain] .d.s.w.r.o.CachingOperationNameGenerator : Generating unique operation named: addUsingPOST_1
2023-11-08 16:28:42.613  INFO 15956 --- [restartedMain] .d.s.w.r.o.CachingOperationNameGenerator : Generating unique operation named: editUsingPUT_1
2023-11-08 16:28:42.614  INFO 15956 --- [restartedMain] .d.s.w.r.o.CachingOperationNameGenerator : Generating unique operation named: getInfoUsingGET_2
2023-11-08 16:28:42.617  INFO 15956 --- [restartedMain] .d.s.w.r.o.CachingOperationNameGenerator : Generating unique operation named: listUsingGET_2
2023-11-08 16:28:42.619  INFO 15956 --- [restartedMain] .d.s.w.r.o.CachingOperationNameGenerator : Generating unique operation named: removeUsingDELETE_1
2023-11-08 16:28:42.624  INFO 15956 --- [restartedMain] .d.s.w.r.o.CachingOperationNameGenerator : Generating unique operation named: addUsingPOST_2
2023-11-08 16:28:42.625  INFO 15956 --- [restartedMain] .d.s.w.r.o.CachingOperationNameGenerator : Generating unique operation named: editUsingPUT_2
2023-11-08 16:28:42.628  INFO 15956 --- [restartedMain] .d.s.w.r.o.CachingOperationNameGenerator : Generating unique operation named: listUsingGET_3
2023-11-08 16:28:42.629  INFO 15956 --- [restartedMain] .d.s.w.r.o.CachingOperationNameGenerator : Generating unique operation named: removeUsingDELETE_2
2023-11-08 16:28:42.640  INFO 15956 --- [restartedMain] com.admin.AdminTest                      : Started AdminTest in 3.761 seconds (JVM running for 4.705)
2023-11-08 16:28:42.641  INFO 15956 --- [restartedMain] o.s.b.a.ApplicationAvailabilityBean      : Application availability state LivenessState changed to CORRECT
2023-11-08 16:28:42.643  INFO 15956 --- [restartedMain] o.s.b.a.ApplicationAvailabilityBean      : Application availability state ReadinessState changed to ACCEPTING_TRAFFIC
2023-11-08 16:29:32.162  INFO 3680 --- [restartedMain] com.admin.AdminTest                      : Starting AdminTest using Java 1.8.0_381 on DESKTOP-273ND61 with PID 3680 (E:\xqf\work\personage\admin-test\target\classes started by MY.Computer in E:\xqf\work\personage\admin-test)
2023-11-08 16:29:32.165  INFO 3680 --- [restartedMain] com.admin.AdminTest                      : No active profile set, falling back to default profiles: default
2023-11-08 16:29:32.239  WARN 3680 --- [background-preinit] o.s.h.c.j.Jackson2ObjectMapperBuilder    : For Jackson Kotlin classes support please add "com.fasterxml.jackson.module:jackson-module-kotlin" to the classpath
2023-11-08 16:29:32.241  INFO 3680 --- [restartedMain] .e.DevToolsPropertyDefaultsPostProcessor : Devtools property defaults active! Set 'spring.devtools.add-properties' to 'false' to disable
2023-11-08 16:29:32.241  INFO 3680 --- [restartedMain] .e.DevToolsPropertyDefaultsPostProcessor : For additional web related logging consider setting the 'logging.level.web' property to 'DEBUG'
2023-11-08 16:29:32.762  INFO 3680 --- [restartedMain] .s.d.r.c.RepositoryConfigurationDelegate : Multiple Spring Data modules found, entering strict repository configuration mode!
2023-11-08 16:29:32.762  INFO 3680 --- [restartedMain] .s.d.r.c.RepositoryConfigurationDelegate : Bootstrapping Spring Data MongoDB repositories in DEFAULT mode.
2023-11-08 16:29:32.817  INFO 3680 --- [restartedMain] .s.d.r.c.RepositoryConfigurationDelegate : Finished Spring Data repository scanning in 51 ms. Found 3 MongoDB repository interfaces.
2023-11-08 16:29:32.974  INFO 3680 --- [restartedMain] .s.d.r.c.RepositoryConfigurationDelegate : Multiple Spring Data modules found, entering strict repository configuration mode!
2023-11-08 16:29:32.975  INFO 3680 --- [restartedMain] .s.d.r.c.RepositoryConfigurationDelegate : Bootstrapping Spring Data Redis repositories in DEFAULT mode.
2023-11-08 16:29:32.995  INFO 3680 --- [restartedMain] .RepositoryConfigurationExtensionSupport : Spring Data Redis - Could not safely identify store assignment for repository candidate interface com.admin.dao.MenuRepository. If you want this repository to be a Redis repository, consider annotating your entities with one of these annotations: org.springframework.data.redis.core.RedisHash (preferred), or consider extending one of the following types with your repository: org.springframework.data.keyvalue.repository.KeyValueRepository.
2023-11-08 16:29:32.995  INFO 3680 --- [restartedMain] .RepositoryConfigurationExtensionSupport : Spring Data Redis - Could not safely identify store assignment for repository candidate interface com.admin.dao.MerchantRepository. If you want this repository to be a Redis repository, consider annotating your entities with one of these annotations: org.springframework.data.redis.core.RedisHash (preferred), or consider extending one of the following types with your repository: org.springframework.data.keyvalue.repository.KeyValueRepository.
2023-11-08 16:29:32.996  INFO 3680 --- [restartedMain] .RepositoryConfigurationExtensionSupport : Spring Data Redis - Could not safely identify store assignment for repository candidate interface com.admin.dao.UserRepository. If you want this repository to be a Redis repository, consider annotating your entities with one of these annotations: org.springframework.data.redis.core.RedisHash (preferred), or consider extending one of the following types with your repository: org.springframework.data.keyvalue.repository.KeyValueRepository.
2023-11-08 16:29:32.997  INFO 3680 --- [restartedMain] .s.d.r.c.RepositoryConfigurationDelegate : Finished Spring Data repository scanning in 13 ms. Found 0 Redis repository interfaces.
2023-11-08 16:29:33.458  INFO 3680 --- [restartedMain] o.s.b.w.embedded.tomcat.TomcatWebServer  : Tomcat initialized with port(s): 8000 (http)
2023-11-08 16:29:33.463  INFO 3680 --- [restartedMain] o.apache.catalina.core.StandardService   : Starting service [Tomcat]
2023-11-08 16:29:33.464  INFO 3680 --- [restartedMain] org.apache.catalina.core.StandardEngine  : Starting Servlet engine: [Apache Tomcat/9.0.46]
2023-11-08 16:29:33.516  INFO 3680 --- [restartedMain] o.a.c.c.C.[Tomcat].[localhost].[/]       : Initializing Spring embedded WebApplicationContext
2023-11-08 16:29:33.516  INFO 3680 --- [restartedMain] w.s.c.ServletWebServerApplicationContext : Root WebApplicationContext: initialization completed in 1274 ms
2023-11-08 16:29:33.954  INFO 3680 --- [restartedMain] org.mongodb.driver.cluster               : Cluster created with settings {hosts=[192.168.10.62:27017], mode=SINGLE, requiredClusterType=UNKNOWN, serverSelectionTimeout='30000 ms'}
2023-11-08 16:29:33.995  INFO 3680 --- [cluster-ClusterId{value='654b46edd98eb2405e75af44', description='null'}-192.168.10.62:27017] org.mongodb.driver.connection            : Opened connection [connectionId{localValue:1, serverValue:3123}] to 192.168.10.62:27017
2023-11-08 16:29:33.995  INFO 3680 --- [cluster-rtt-ClusterId{value='654b46edd98eb2405e75af44', description='null'}-192.168.10.62:27017] org.mongodb.driver.connection            : Opened connection [connectionId{localValue:2, serverValue:3124}] to 192.168.10.62:27017
2023-11-08 16:29:33.995  INFO 3680 --- [cluster-ClusterId{value='654b46edd98eb2405e75af44', description='null'}-192.168.10.62:27017] org.mongodb.driver.cluster               : Monitor thread successfully connected to server with description ServerDescription{address=192.168.10.62:27017, type=STANDALONE, state=CONNECTED, ok=true, minWireVersion=0, maxWireVersion=13, maxDocumentSize=16777216, logicalSessionTimeoutMinutes=30, roundTripTimeNanos=14930200}
2023-11-08 16:29:34.097  INFO 3680 --- [restartedMain] o.s.b.d.a.OptionalLiveReloadServer       : LiveReload server is running on port 35729
2023-11-08 16:29:34.491  INFO 3680 --- [restartedMain] org.mongodb.driver.connection            : Opened connection [connectionId{localValue:3, serverValue:3125}] to 192.168.10.62:27017
2023-11-08 16:29:34.870  INFO 3680 --- [restartedMain] pertySourcedRequestMappingHandlerMapping : Mapped URL path [/v2/api-docs] onto method [springfox.documentation.swagger2.web.Swagger2ControllerWebMvc#getDocumentation(String, HttpServletRequest)]
2023-11-08 16:29:35.064  INFO 3680 --- [restartedMain] o.s.s.web.DefaultSecurityFilterChain     : Will secure any request with [org.springframework.security.web.context.request.async.WebAsyncManagerIntegrationFilter@328b2b0, org.springframework.security.web.context.SecurityContextPersistenceFilter@3e0fb1ea, org.springframework.security.web.header.HeaderWriterFilter@4424fe40, org.springframework.web.filter.CorsFilter@4715d926, com.admin.filter.JwtAuthenticationTokenFilter@7e2c42e3, org.springframework.security.web.savedrequest.RequestCacheAwareFilter@16a3153f, org.springframework.security.web.servletapi.SecurityContextHolderAwareRequestFilter@45d7671d, org.springframework.security.web.authentication.AnonymousAuthenticationFilter@4bd6b84c, org.springframework.security.web.session.SessionManagementFilter@4bc3726b, org.springframework.security.web.access.ExceptionTranslationFilter@611b1c4a, org.springframework.security.web.access.intercept.FilterSecurityInterceptor@280101b3]
2023-11-08 16:29:35.345  INFO 3680 --- [restartedMain] o.s.b.w.embedded.tomcat.TomcatWebServer  : Tomcat started on port(s): 8000 (http) with context path ''
2023-11-08 16:29:35.346  INFO 3680 --- [restartedMain] d.s.w.p.DocumentationPluginsBootstrapper : Documentation plugins bootstrapped
2023-11-08 16:29:35.348  INFO 3680 --- [restartedMain] d.s.w.p.DocumentationPluginsBootstrapper : Found 1 custom documentation plugin(s)
2023-11-08 16:29:35.376  INFO 3680 --- [restartedMain] s.d.s.w.s.ApiListingReferenceScanner     : Scanning for api listing references
2023-11-08 16:29:35.464  INFO 3680 --- [restartedMain] .d.s.w.r.o.CachingOperationNameGenerator : Generating unique operation named: getInfoUsingGET_1
2023-11-08 16:29:35.492  INFO 3680 --- [restartedMain] .d.s.w.r.o.CachingOperationNameGenerator : Generating unique operation named: listUsingGET_1
2023-11-08 16:29:35.500  INFO 3680 --- [restartedMain] .d.s.w.r.o.CachingOperationNameGenerator : Generating unique operation named: addUsingPOST_1
2023-11-08 16:29:35.502  INFO 3680 --- [restartedMain] .d.s.w.r.o.CachingOperationNameGenerator : Generating unique operation named: editUsingPUT_1
2023-11-08 16:29:35.504  INFO 3680 --- [restartedMain] .d.s.w.r.o.CachingOperationNameGenerator : Generating unique operation named: getInfoUsingGET_2
2023-11-08 16:29:35.507  INFO 3680 --- [restartedMain] .d.s.w.r.o.CachingOperationNameGenerator : Generating unique operation named: listUsingGET_2
2023-11-08 16:29:35.509  INFO 3680 --- [restartedMain] .d.s.w.r.o.CachingOperationNameGenerator : Generating unique operation named: removeUsingDELETE_1
2023-11-08 16:29:35.513  INFO 3680 --- [restartedMain] .d.s.w.r.o.CachingOperationNameGenerator : Generating unique operation named: addUsingPOST_2
2023-11-08 16:29:35.514  INFO 3680 --- [restartedMain] .d.s.w.r.o.CachingOperationNameGenerator : Generating unique operation named: editUsingPUT_2
2023-11-08 16:29:35.518  INFO 3680 --- [restartedMain] .d.s.w.r.o.CachingOperationNameGenerator : Generating unique operation named: listUsingGET_3
2023-11-08 16:29:35.520  INFO 3680 --- [restartedMain] .d.s.w.r.o.CachingOperationNameGenerator : Generating unique operation named: removeUsingDELETE_2
2023-11-08 16:29:35.528  INFO 3680 --- [restartedMain] com.admin.AdminTest                      : Started AdminTest in 3.817 seconds (JVM running for 4.532)
2023-11-08 16:29:35.529  INFO 3680 --- [restartedMain] o.s.b.a.ApplicationAvailabilityBean      : Application availability state LivenessState changed to CORRECT
2023-11-08 16:29:35.531  INFO 3680 --- [restartedMain] o.s.b.a.ApplicationAvailabilityBean      : Application availability state ReadinessState changed to ACCEPTING_TRAFFIC
