#
# There is insufficient memory for the Java Runtime Environment to continue.
# Native memory allocation (malloc) failed to allocate 1231536 bytes for Chunk::new
# Possible reasons:
#   The system is out of physical RAM or swap space
#   The process is running with CompressedOops enabled, and the Java Heap may be blocking the growth of the native heap
# Possible solutions:
#   Reduce memory load on the system
#   Increase physical memory or swap space
#   Check if swap backing store is full
#   Decrease Java heap size (-Xmx/-Xms)
#   Decrease number of Java threads
#   Decrease Java thread stack sizes (-Xss)
#   Set larger code cache with -XX:ReservedCodeCacheSize=
#   JVM is running with Unscaled Compressed Oops mode in which the Java heap is
#     placed in the first 4GB address space. The Java Heap base address is the
#     maximum limit for the native heap growth. Please use -XX:HeapBaseMinAddress
#     to set the Java Heap base and to place the Java Heap above 4GB virtual address.
# This output file may be truncated or incomplete.
#
#  Out of Memory Error (allocation.cpp:389), pid=18188, tid=0x00000000000041cc
#
# JRE version: Java(TM) SE Runtime Environment (8.0_381) (build 1.8.0_381-b09)
# Java VM: Java HotSpot(TM) 64-Bit Server VM (25.381-b09 mixed mode windows-amd64 compressed oops)
# Failed to write core dump. Minidumps are not enabled by default on client versions of Windows
#

---------------  T H R E A D  ---------------

Current thread (0x00000290fa7da000):  JavaThread "C2 CompilerThread0" daemon [_thread_in_native, id=16844, stack(0x000000d21bf00000,0x000000d21c000000)]

Stack: [0x000000d21bf00000,0x000000d21c000000]
Native frames: (J=compiled Java code, j=interpreted, Vv=VM code, C=native code)
V  [jvm.dll+0x353039]
V  [jvm.dll+0x290052]
V  [jvm.dll+0x290c1d]
V  [jvm.dll+0x285255]
V  [jvm.dll+0xdb9bc]
V  [jvm.dll+0xdc1cc]
V  [jvm.dll+0x47d2c2]
V  [jvm.dll+0x4bd7eb]
V  [jvm.dll+0x46bd91]
V  [jvm.dll+0x468c12]
V  [jvm.dll+0x452a5b]
V  [jvm.dll+0xb0766]
V  [jvm.dll+0xaee3f]
V  [jvm.dll+0x251602]
V  [jvm.dll+0x2accec]
C  [ucrtbase.dll+0x21bb2]
C  [KERNEL32.DLL+0x17034]
C  [ntdll.dll+0x52651]


Current CompileTask:
C2:   3822 4635       4       lombok.javac.JavacAST::buildStatementOrExpression (104 bytes)


---------------  P R O C E S S  ---------------

Java Threads: ( => current thread )
  0x00000290fa88e800 JavaThread "Service Thread" daemon [_thread_blocked, id=18120, stack(0x000000d21c300000,0x000000d21c400000)]
  0x00000290fa7e0800 JavaThread "C1 CompilerThread3" daemon [_thread_blocked, id=3216, stack(0x000000d21c200000,0x000000d21c300000)]
  0x00000290fa7dc800 JavaThread "C2 CompilerThread2" daemon [_thread_in_native, id=18272, stack(0x000000d21c100000,0x000000d21c200000)]
  0x00000290fa7db800 JavaThread "C2 CompilerThread1" daemon [_thread_in_native, id=17660, stack(0x000000d21c000000,0x000000d21c100000)]
=>0x00000290fa7da000 JavaThread "C2 CompilerThread0" daemon [_thread_in_native, id=16844, stack(0x000000d21bf00000,0x000000d21c000000)]
  0x00000290fa7d8000 JavaThread "Monitor Ctrl-Break" daemon [_thread_in_native, id=17032, stack(0x000000d21be00000,0x000000d21bf00000)]
  0x00000290f8a78000 JavaThread "Attach Listener" daemon [_thread_blocked, id=18424, stack(0x000000d21bd00000,0x000000d21be00000)]
  0x00000290f8a62800 JavaThread "Signal Dispatcher" daemon [_thread_blocked, id=17488, stack(0x000000d21bc00000,0x000000d21bd00000)]
  0x00000290f89f3800 JavaThread "Finalizer" daemon [_thread_blocked, id=17948, stack(0x000000d21bb00000,0x000000d21bc00000)]
  0x00000290f89e2000 JavaThread "Reference Handler" daemon [_thread_blocked, id=3044, stack(0x000000d21ba00000,0x000000d21bb00000)]
  0x00000290f187c800 JavaThread "main" [_thread_in_Java, id=18208, stack(0x000000d21b000000,0x000000d21b100000)]

Other Threads:
  0x00000290f89ba800 VMThread [stack: 0x000000d21b900000,0x000000d21ba00000] [id=17596]
  0x00000290fa8e7800 WatcherThread [stack: 0x000000d21c400000,0x000000d21c500000] [id=11448]

VM state:not at safepoint (normal execution)

VM Mutex/Monitor currently owned by a thread: None

heap address: 0x0000000082a00000, size: 2006 MB, Compressed Oops mode: 32-bit
Narrow klass base: 0x0000000000000000, Narrow klass shift: 3
Compressed class space size: 1073741824 Address: 0x0000000100000000

Heap:
 PSYoungGen      total 141824K, used 124555K [0x00000000d6380000, 0x00000000e4500000, 0x0000000100000000)
  eden space 130560K, 86% used [0x00000000d6380000,0x00000000dd2235d0,0x00000000de300000)
  from space 11264K, 99% used [0x00000000de300000,0x00000000dedff670,0x00000000dee00000)
  to   space 18944K, 0% used [0x00000000e3280000,0x00000000e3280000,0x00000000e4500000)
 ParOldGen       total 71680K, used 28452K [0x0000000082a00000, 0x0000000087000000, 0x00000000d6380000)
  object space 71680K, 39% used [0x0000000082a00000,0x00000000845c93b8,0x0000000087000000)
 Metaspace       used 25482K, capacity 26130K, committed 26368K, reserved 1073152K
  class space    used 2897K, capacity 3049K, committed 3072K, reserved 1048576K

Card table byte_map: [0x00000290f3660000,0x00000290f3a50000] byte_map_base: 0x00000290f324b000

Marking Bits: (ParMarkBitMap*) 0x00007ff811a16040
 Begin Bits: [0x00000290f3cf0000, 0x00000290f5c48000)
 End Bits:   [0x00000290f5c48000, 0x00000290f7ba0000)

Polling page: 0x00000290f1a80000

CodeCache: size=245760Kb used=16092Kb max_used=17261Kb free=229667Kb
 bounds [0x0000029080000000, 0x00000290810f0000, 0x000002908f000000]
 total_blobs=4895 nmethods=4491 adapters=316
 compilation: enabled

Compilation events (10 events):
Event: 3.794 Thread 0x00000290fa7e0800 4973       2       com.sun.tools.javac.tree.JCTree$JCClassDecl::accept (6 bytes)
Event: 3.795 Thread 0x00000290fa7e0800 nmethod 4973 0x0000029080640590 code [0x0000029080640700, 0x0000029080640890]
Event: 3.795 Thread 0x00000290fa7e0800 4974       2       com.sun.tools.javac.tree.TreeInfo::fullName (84 bytes)
Event: 3.795 Thread 0x00000290fa7e0800 nmethod 4974 0x00000290802b5650 code [0x00000290802b5820, 0x00000290802b5ca0]
Event: 3.803 Thread 0x00000290fa7e0800 4975       2       com.sun.tools.javac.tree.JCTree$Visitor::visitVarDef (6 bytes)
Event: 3.803 Thread 0x00000290fa7e0800 nmethod 4975 0x00000290802b52d0 code [0x00000290802b5440, 0x00000290802b55d0]
Event: 3.804 Thread 0x00000290fa7e0800 4976       2       com.sun.tools.javac.jvm.ClassReader::fillIn (150 bytes)
Event: 3.805 Thread 0x00000290fa7e0800 nmethod 4976 0x00000290805a46d0 code [0x00000290805a48c0, 0x00000290805a4d60]
Event: 3.805 Thread 0x00000290fa7e0800 4977       2       javax.tools.ForwardingJavaFileManager::inferBinaryName (12 bytes)
Event: 3.805 Thread 0x00000290fa7e0800 nmethod 4977 0x00000290802b4f50 code [0x00000290802b50c0, 0x00000290802b5250]

GC Heap History (10 events):
Event: 1.362 GC heap before
{Heap before GC invocations=4 (full 0):
 PSYoungGen      total 37888K, used 37880K [0x00000000d6380000, 0x00000000dad80000, 0x0000000100000000)
  eden space 32768K, 100% used [0x00000000d6380000,0x00000000d8380000,0x00000000d8380000)
  from space 5120K, 99% used [0x00000000d8380000,0x00000000d887e030,0x00000000d8880000)
  to   space 5120K, 0% used [0x00000000da880000,0x00000000da880000,0x00000000dad80000)
 ParOldGen       total 86016K, used 5561K [0x0000000082a00000, 0x0000000087e00000, 0x00000000d6380000)
  object space 86016K, 6% used [0x0000000082a00000,0x0000000082f6e418,0x0000000087e00000)
 Metaspace       used 16166K, capacity 16550K, committed 16896K, reserved 1064960K
  class space    used 1928K, capacity 2044K, committed 2048K, reserved 1048576K
Event: 1.368 GC heap after
Heap after GC invocations=4 (full 0):
 PSYoungGen      total 70656K, used 5112K [0x00000000d6380000, 0x00000000dad80000, 0x0000000100000000)
  eden space 65536K, 0% used [0x00000000d6380000,0x00000000d6380000,0x00000000da380000)
  from space 5120K, 99% used [0x00000000da880000,0x00000000dad7e050,0x00000000dad80000)
  to   space 5120K, 0% used [0x00000000da380000,0x00000000da380000,0x00000000da880000)
 ParOldGen       total 86016K, used 9180K [0x0000000082a00000, 0x0000000087e00000, 0x00000000d6380000)
  object space 86016K, 10% used [0x0000000082a00000,0x00000000832f7298,0x0000000087e00000)
 Metaspace       used 16166K, capacity 16550K, committed 16896K, reserved 1064960K
  class space    used 1928K, capacity 2044K, committed 2048K, reserved 1048576K
}
Event: 1.895 GC heap before
{Heap before GC invocations=5 (full 0):
 PSYoungGen      total 70656K, used 70648K [0x00000000d6380000, 0x00000000dad80000, 0x0000000100000000)
  eden space 65536K, 100% used [0x00000000d6380000,0x00000000da380000,0x00000000da380000)
  from space 5120K, 99% used [0x00000000da880000,0x00000000dad7e050,0x00000000dad80000)
  to   space 5120K, 0% used [0x00000000da380000,0x00000000da380000,0x00000000da880000)
 ParOldGen       total 86016K, used 9180K [0x0000000082a00000, 0x0000000087e00000, 0x00000000d6380000)
  object space 86016K, 10% used [0x0000000082a00000,0x00000000832f7298,0x0000000087e00000)
 Metaspace       used 16890K, capacity 17296K, committed 17536K, reserved 1064960K
  class space    used 1949K, capacity 2051K, committed 2176K, reserved 1048576K
Event: 1.902 GC heap after
Heap after GC invocations=5 (full 0):
 PSYoungGen      total 70656K, used 5112K [0x00000000d6380000, 0x00000000df880000, 0x0000000100000000)
  eden space 65536K, 0% used [0x00000000d6380000,0x00000000d6380000,0x00000000da380000)
  from space 5120K, 99% used [0x00000000da380000,0x00000000da87e050,0x00000000da880000)
  to   space 10752K, 0% used [0x00000000dee00000,0x00000000dee00000,0x00000000df880000)
 ParOldGen       total 86016K, used 12858K [0x0000000082a00000, 0x0000000087e00000, 0x00000000d6380000)
  object space 86016K, 14% used [0x0000000082a00000,0x000000008368e950,0x0000000087e00000)
 Metaspace       used 16890K, capacity 17296K, committed 17536K, reserved 1064960K
  class space    used 1949K, capacity 2051K, committed 2176K, reserved 1048576K
}
Event: 2.326 GC heap before
{Heap before GC invocations=6 (full 0):
 PSYoungGen      total 70656K, used 65559K [0x00000000d6380000, 0x00000000df880000, 0x0000000100000000)
  eden space 65536K, 92% used [0x00000000d6380000,0x00000000d9e87ed8,0x00000000da380000)
  from space 5120K, 99% used [0x00000000da380000,0x00000000da87e050,0x00000000da880000)
  to   space 10752K, 0% used [0x00000000dee00000,0x00000000dee00000,0x00000000df880000)
 ParOldGen       total 86016K, used 12858K [0x0000000082a00000, 0x0000000087e00000, 0x00000000d6380000)
  object space 86016K, 14% used [0x0000000082a00000,0x000000008368e950,0x0000000087e00000)
 Metaspace       used 20729K, capacity 21138K, committed 21248K, reserved 1069056K
  class space    used 2425K, capacity 2524K, committed 2560K, reserved 1048576K
Event: 2.333 GC heap after
Heap after GC invocations=6 (full 0):
 PSYoungGen      total 141312K, used 9802K [0x00000000d6380000, 0x00000000df980000, 0x0000000100000000)
  eden space 130560K, 0% used [0x00000000d6380000,0x00000000d6380000,0x00000000de300000)
  from space 10752K, 91% used [0x00000000dee00000,0x00000000df792848,0x00000000df880000)
  to   space 11264K, 0% used [0x00000000de300000,0x00000000de300000,0x00000000dee00000)
 ParOldGen       total 86016K, used 12866K [0x0000000082a00000, 0x0000000087e00000, 0x00000000d6380000)
  object space 86016K, 14% used [0x0000000082a00000,0x0000000083690950,0x0000000087e00000)
 Metaspace       used 20729K, capacity 21138K, committed 21248K, reserved 1069056K
  class space    used 2425K, capacity 2524K, committed 2560K, reserved 1048576K
}
Event: 2.333 GC heap before
{Heap before GC invocations=7 (full 1):
 PSYoungGen      total 141312K, used 9802K [0x00000000d6380000, 0x00000000df980000, 0x0000000100000000)
  eden space 130560K, 0% used [0x00000000d6380000,0x00000000d6380000,0x00000000de300000)
  from space 10752K, 91% used [0x00000000dee00000,0x00000000df792848,0x00000000df880000)
  to   space 11264K, 0% used [0x00000000de300000,0x00000000de300000,0x00000000dee00000)
 ParOldGen       total 86016K, used 12866K [0x0000000082a00000, 0x0000000087e00000, 0x00000000d6380000)
  object space 86016K, 14% used [0x0000000082a00000,0x0000000083690950,0x0000000087e00000)
 Metaspace       used 20729K, capacity 21138K, committed 21248K, reserved 1069056K
  class space    used 2425K, capacity 2524K, committed 2560K, reserved 1048576K
Event: 2.369 GC heap after
Heap after GC invocations=7 (full 1):
 PSYoungGen      total 141312K, used 0K [0x00000000d6380000, 0x00000000df980000, 0x0000000100000000)
  eden space 130560K, 0% used [0x00000000d6380000,0x00000000d6380000,0x00000000de300000)
  from space 10752K, 0% used [0x00000000dee00000,0x00000000dee00000,0x00000000df880000)
  to   space 11264K, 0% used [0x00000000de300000,0x00000000de300000,0x00000000dee00000)
 ParOldGen       total 71680K, used 16044K [0x0000000082a00000, 0x0000000087000000, 0x00000000d6380000)
  object space 71680K, 22% used [0x0000000082a00000,0x00000000839ab3c8,0x0000000087000000)
 Metaspace       used 20729K, capacity 21138K, committed 21248K, reserved 1069056K
  class space    used 2425K, capacity 2524K, committed 2560K, reserved 1048576K
}
Event: 3.440 GC heap before
{Heap before GC invocations=8 (full 1):
 PSYoungGen      total 141312K, used 130560K [0x00000000d6380000, 0x00000000df980000, 0x0000000100000000)
  eden space 130560K, 100% used [0x00000000d6380000,0x00000000de300000,0x00000000de300000)
  from space 10752K, 0% used [0x00000000dee00000,0x00000000dee00000,0x00000000df880000)
  to   space 11264K, 0% used [0x00000000de300000,0x00000000de300000,0x00000000dee00000)
 ParOldGen       total 71680K, used 16044K [0x0000000082a00000, 0x0000000087000000, 0x00000000d6380000)
  object space 71680K, 22% used [0x0000000082a00000,0x00000000839ab3c8,0x0000000087000000)
 Metaspace       used 23988K, capacity 24534K, committed 24704K, reserved 1071104K
  class space    used 2754K, capacity 2888K, committed 2944K, reserved 1048576K
Event: 3.454 GC heap after
Heap after GC invocations=8 (full 1):
 PSYoungGen      total 141824K, used 11261K [0x00000000d6380000, 0x00000000e4500000, 0x0000000100000000)
  eden space 130560K, 0% used [0x00000000d6380000,0x00000000d6380000,0x00000000de300000)
  from space 11264K, 99% used [0x00000000de300000,0x00000000dedff670,0x00000000dee00000)
  to   space 18944K, 0% used [0x00000000e3280000,0x00000000e3280000,0x00000000e4500000)
 ParOldGen       total 71680K, used 28452K [0x0000000082a00000, 0x0000000087000000, 0x00000000d6380000)
  object space 71680K, 39% used [0x0000000082a00000,0x00000000845c93b8,0x0000000087000000)
 Metaspace       used 23988K, capacity 24534K, committed 24704K, reserved 1071104K
  class space    used 2754K, capacity 2888K, committed 2944K, reserved 1048576K
}

Deoptimization events (10 events):
Event: 3.597 Thread 0x00000290f187c800 Uncommon trap: reason=class_check action=maybe_recompile pc=0x00000290810c8484 method=java.lang.reflect.Field.get(Ljava/lang/Object;)Ljava/lang/Object; @ 45
Event: 3.602 Thread 0x00000290f187c800 Uncommon trap: reason=unstable_if action=reinterpret pc=0x00000290805501f8 method=java.util.regex.Pattern$BitClass.isSatisfiedBy(I)Z @ 4
Event: 3.608 Thread 0x00000290f187c800 Uncommon trap: reason=class_check action=maybe_recompile pc=0x00000290810c8484 method=java.lang.reflect.Field.get(Ljava/lang/Object;)Ljava/lang/Object; @ 45
Event: 3.609 Thread 0x00000290f187c800 Uncommon trap: reason=class_check action=maybe_recompile pc=0x00000290810c8484 method=java.lang.reflect.Field.get(Ljava/lang/Object;)Ljava/lang/Object; @ 45
Event: 3.610 Thread 0x00000290f187c800 Uncommon trap: reason=class_check action=maybe_recompile pc=0x00000290810c8484 method=java.lang.reflect.Field.get(Ljava/lang/Object;)Ljava/lang/Object; @ 45
Event: 3.614 Thread 0x00000290f187c800 Uncommon trap: reason=class_check action=maybe_recompile pc=0x0000029080b0e3d0 method=java.util.regex.Pattern$Branch.match(Ljava/util/regex/Matcher;ILjava/lang/CharSequence;)Z @ 50
Event: 3.614 Thread 0x00000290f187c800 Uncommon trap: reason=class_check action=maybe_recompile pc=0x0000029080b0e3d0 method=java.util.regex.Pattern$Branch.match(Ljava/util/regex/Matcher;ILjava/lang/CharSequence;)Z @ 50
Event: 3.614 Thread 0x00000290f187c800 Uncommon trap: reason=class_check action=maybe_recompile pc=0x0000029080b0e3d0 method=java.util.regex.Pattern$Branch.match(Ljava/util/regex/Matcher;ILjava/lang/CharSequence;)Z @ 50
Event: 3.614 Thread 0x00000290f187c800 Uncommon trap: reason=class_check action=maybe_recompile pc=0x0000029080b0e3d0 method=java.util.regex.Pattern$Branch.match(Ljava/util/regex/Matcher;ILjava/lang/CharSequence;)Z @ 50
Event: 3.746 Thread 0x00000290f187c800 Uncommon trap: reason=unstable_if action=reinterpret pc=0x000002908071df50 method=java.util.regex.Pattern$Dot.isSatisfiedBy(I)Z @ 3

Classes redefined (0 events):
No events

Internal exceptions (10 events):
Event: 1.078 Thread 0x00000290f187c800 Implicit null exception at 0x0000029080630350 to 0x000002908063164d
Event: 1.197 Thread 0x00000290f187c800 Implicit null exception at 0x00000290806d6737 to 0x00000290806d6981
Event: 1.699 Thread 0x00000290f187c800 Implicit null exception at 0x00000290803e3cd5 to 0x00000290803e3ead
Event: 1.700 Thread 0x00000290f187c800 Implicit null exception at 0x000002908040386f to 0x00000290804038d9
Event: 1.862 Thread 0x00000290f187c800 Implicit null exception at 0x0000029080ad0211 to 0x0000029080ad19d5
Event: 1.994 Thread 0x00000290f187c800 Implicit null exception at 0x00000290808cea78 to 0x00000290808ceec1
Event: 2.256 Thread 0x00000290f187c800 Exception <a 'java/lang/ClassNotFoundException': com/sun/tools/javac/api/JavacTool> (0x00000000d93f0608) thrown at [C:\jenkins\workspace\8-2-build-windows-x64-cygwin-sans-NAS\jdk8u381\237\hotspot\src\share\vm\classfile\systemDictionary.cpp, line 213]
Event: 2.596 Thread 0x00000290f187c800 Exception <a 'java/io/FileNotFoundException'> (0x00000000d79479e0) thrown at [C:\jenkins\workspace\8-2-build-windows-x64-cygwin-sans-NAS\jdk8u381\237\hotspot\src\share\vm\prims\jni.cpp, line 710]
Event: 3.381 Thread 0x00000290f187c800 Implicit null exception at 0x0000029080681e31 to 0x0000029080682241
Event: 3.383 Thread 0x00000290f187c800 Implicit null exception at 0x000002908066d5d5 to 0x000002908066d7d1

Events (10 events):
Event: 3.614 Thread 0x00000290f187c800 Uncommon trap: trap_request=0xffffffde fr.pc=0x0000029080b0e3d0
Event: 3.614 Thread 0x00000290f187c800 DEOPT PACKING pc=0x0000029080b0e3d0 sp=0x000000d21b0fc500
Event: 3.614 Thread 0x00000290f187c800 DEOPT UNPACKING pc=0x00000290800458c3 sp=0x000000d21b0fc498 mode 2
Event: 3.616 loading class com/sun/tools/javac/code/TypeTag$1
Event: 3.616 loading class com/sun/tools/javac/code/TypeTag$1 done
Event: 3.746 Thread 0x00000290f187c800 Uncommon trap: trap_request=0xffffff65 fr.pc=0x000002908071df50
Event: 3.746 Thread 0x00000290f187c800 DEOPT PACKING pc=0x000002908071df50 sp=0x000000d21b0fc2d0
Event: 3.746 Thread 0x00000290f187c800 DEOPT UNPACKING pc=0x00000290800458c3 sp=0x000000d21b0fc260 mode 2
Event: 3.781 loading class lombok/launch/AnnotationProcessorHider$ClaimingProcessor
Event: 3.781 loading class lombok/launch/AnnotationProcessorHider$ClaimingProcessor done


Dynamic libraries:
0x00007ff650dc0000 - 0x00007ff650e0a000 	E:\xqf\work\environment\Java\jdk-1.8\bin\java.exe
0x00007ff872930000 - 0x00007ff872b25000 	C:\Windows\SYSTEM32\ntdll.dll
0x00007ff871da0000 - 0x00007ff871e5e000 	C:\Windows\System32\KERNEL32.DLL
0x00007ff8700f0000 - 0x00007ff8703b9000 	C:\Windows\System32\KERNELBASE.dll
0x00007ff872560000 - 0x00007ff87260c000 	C:\Windows\System32\ADVAPI32.dll
0x00007ff871500000 - 0x00007ff87159e000 	C:\Windows\System32\msvcrt.dll
0x00007ff871cd0000 - 0x00007ff871d6b000 	C:\Windows\System32\sechost.dll
0x00007ff871680000 - 0x00007ff8717aa000 	C:\Windows\System32\RPCRT4.dll
0x00007ff872610000 - 0x00007ff8727b1000 	C:\Windows\System32\USER32.dll
0x00007ff8708a0000 - 0x00007ff8708c2000 	C:\Windows\System32\win32u.dll
0x00007ff871e70000 - 0x00007ff871e9b000 	C:\Windows\System32\GDI32.dll
0x00007ff870620000 - 0x00007ff87072b000 	C:\Windows\System32\gdi32full.dll
0x00007ff870050000 - 0x00007ff8700ed000 	C:\Windows\System32\msvcp_win.dll
0x00007ff870520000 - 0x00007ff870620000 	C:\Windows\System32\ucrtbase.dll
0x00007ff85fc70000 - 0x00007ff85ff0a000 	C:\Windows\WinSxS\amd64_microsoft.windows.common-controls_6595b64144ccf1df_6.0.19041.1110_none_60b5254171f9507e\COMCTL32.dll
0x00007ff871d70000 - 0x00007ff871da0000 	C:\Windows\System32\IMM32.DLL
0x00007ff812470000 - 0x00007ff81248b000 	E:\xqf\work\environment\Java\jdk-1.8\jre\bin\vcruntime140.dll
0x00007ff812460000 - 0x00007ff81246c000 	E:\xqf\work\environment\Java\jdk-1.8\jre\bin\vcruntime140_1.dll
0x00007ff8123d0000 - 0x00007ff81245e000 	E:\xqf\work\environment\Java\jdk-1.8\jre\bin\msvcp140.dll
0x00007ff8111e0000 - 0x00007ff811a90000 	E:\xqf\work\environment\Java\jdk-1.8\jre\bin\server\jvm.dll
0x00007ff871bc0000 - 0x00007ff871bc8000 	C:\Windows\System32\PSAPI.DLL
0x00007ff869cb0000 - 0x00007ff869cba000 	C:\Windows\SYSTEM32\VERSION.dll
0x00007ff861a50000 - 0x00007ff861a77000 	C:\Windows\SYSTEM32\WINMM.dll
0x00007ff84f3e0000 - 0x00007ff84f3e9000 	C:\Windows\SYSTEM32\WSOCK32.dll
0x00007ff871c60000 - 0x00007ff871ccb000 	C:\Windows\System32\WS2_32.dll
0x00007ff86df70000 - 0x00007ff86df82000 	C:\Windows\SYSTEM32\kernel.appcore.dll
0x00007ff812250000 - 0x00007ff812260000 	E:\xqf\work\environment\Java\jdk-1.8\jre\bin\verify.dll
0x00007ff812100000 - 0x00007ff81212b000 	E:\xqf\work\environment\Java\jdk-1.8\jre\bin\java.dll
0x00007ff86abe0000 - 0x00007ff86ac14000 	E:\xqf\work\environment\Java\jdk-1.8\jre\bin\instrument.dll
0x00007ff8123b0000 - 0x00007ff8123c8000 	E:\xqf\work\environment\Java\jdk-1.8\jre\bin\zip.dll
0x00007ff870a00000 - 0x00007ff87113f000 	C:\Windows\System32\SHELL32.dll
0x00007ff86e170000 - 0x00007ff86e900000 	C:\Windows\SYSTEM32\windows.storage.dll
0x00007ff871860000 - 0x00007ff871bb5000 	C:\Windows\System32\combase.dll
0x00007ff86f9d0000 - 0x00007ff86f9fc000 	C:\Windows\SYSTEM32\Wldp.dll
0x00007ff8717b0000 - 0x00007ff87185d000 	C:\Windows\System32\SHCORE.dll
0x00007ff8715a0000 - 0x00007ff8715f5000 	C:\Windows\System32\shlwapi.dll
0x00007ff86ff90000 - 0x00007ff86ffaf000 	C:\Windows\SYSTEM32\profapi.dll
0x00007ff86bbf0000 - 0x00007ff86bc0a000 	E:\xqf\work\software\IntelliJ IDEA 2023.2.3\bin\breakgen64.dll
0x00007ff812390000 - 0x00007ff8123ac000 	E:\xqf\work\environment\Java\jdk-1.8\jre\bin\net.dll
0x00007ff86f730000 - 0x00007ff86f79a000 	C:\Windows\system32\mswsock.dll
0x0000000069ac0000 - 0x0000000069ae4000 	C:\Users\MY.Computer\AppData\Local\Temp\jansi-2.4.0-bb56293293115428-jansi.dll
0x00007ff858e80000 - 0x00007ff859064000 	C:\Windows\SYSTEM32\dbghelp.dll
0x00007ff870730000 - 0x00007ff8707b3000 	C:\Windows\System32\bcryptPrimitives.dll

VM Arguments:
jvm_args: -Dmaven.multiModuleProjectDirectory=E:\xqf\work\personage\admin-test -Djansi.passthrough=true -Dmaven.home=E:\xqf\work\environment\Maven\apache-maven-3.8.8 -Dclassworlds.conf=E:\xqf\work\environment\Maven\apache-maven-3.8.8\bin\m2.conf -Dmaven.ext.class.path=E:\xqf\work\software\IntelliJ IDEA 2023.2.3\plugins\maven\lib\maven-event-listener.jar -javaagent:E:\xqf\work\software\IntelliJ IDEA 2023.2.3\lib\idea_rt.jar=62159:E:\xqf\work\software\IntelliJ IDEA 2023.2.3\bin -Dfile.encoding=UTF-8 
java_command: org.codehaus.classworlds.Launcher -Didea.version=2023.2.3 -s E:\xqf\work\environment\Maven\apache-maven-3.8.8\conf\settings.xml -Dmaven.repo.local=E:\xqf\work\environment\Maven\repository compile
java_class_path (initial): E:\xqf\work\environment\Maven\apache-maven-3.8.8\boot\plexus-classworlds-2.6.0.jar;E:\xqf\work\environment\Maven\apache-maven-3.8.8\boot\plexus-classworlds.license;E:\xqf\work\software\IntelliJ IDEA 2023.2.3\lib\idea_rt.jar
Launcher Type: SUN_STANDARD

Environment Variables:
JAVA_HOME=E:\xqf\work\environment\Java\jdk-1.8
CLASSPATH=.;E:\xqf\work\environment\Java\jdk-1.8\lib\dt.jar;E:\xqf\work\environment\Java\jdk-1.8\tools.jar
PATH=C:\Program Files (x86)\Common Files\Oracle\Java\javapath;C:\Windows\system32;C:\Windows;C:\Windows\System32\Wbem;C:\Windows\System32\WindowsPowerShell\v1.0\;C:\Windows\System32\OpenSSH\;E:\xqf\work\environment\Java\jdk-1.8\bin;E:\xqf\work\environment\Java\jdk-1.8\jre\bin;E:\xqf\work\environment\Maven\apache-maven-3.8.8\bin;C:\ProgramData\chocolatey\bin;C:\Program Files\nodejs\;E:\xqf\work\software\MYSQL\MySQL Server 8.0\bin;C:\Users\MY.Computer\AppData\Local\Microsoft\WindowsApps;;C:\Users\MY.Computer\AppData\Local\Programs\Microsoft VS Code\bin;C:\Users\MY.Computer\AppData\Roaming\npm
USERNAME=MY.Computer
OS=Windows_NT
PROCESSOR_IDENTIFIER=Intel64 Family 6 Model 165 Stepping 3, GenuineIntel



---------------  S Y S T E M  ---------------

OS: Windows 10 , 64 bit Build 19041 (10.0.19041.1202)

CPU:total 8 (initial active 8) (4 cores per cpu, 2 threads per core) family 6 model 165 stepping 3, cmov, cx8, fxsr, mmx, sse, sse2, sse3, ssse3, sse4.1, sse4.2, popcnt, avx, avx2, aes, clmul, erms, 3dnowpref, lzcnt, ht, tsc, tscinvbit, bmi1, bmi2, adx

Memory: 4k page, physical 8210040k(446092k free), swap 21317492k(4204k free)

vm_info: Java HotSpot(TM) 64-Bit Server VM (25.381-b09) for windows-amd64 JRE (1.8.0_381-b09), built on Jun 14 2023 13:50:38 by "java_re" with MS VC++ 17.1 (VS2022)

time: Thu Oct 26 18:49:57 2023
timezone: Intel64 Family 6 Model 165 Stepping 3, GenuineIntel
elapsed time: 3.826744 seconds (0d 0h 0m 3s)

